<?xml version="1.0" encoding="UTF-8"?>
<!-- Generated by org.testng.reporters.JUnitReportReporter -->
<testsuite hostname="DEEKSHA_ACHAR" failures="0" tests="1" name="tutorialsNinja.register.TC_RF_001" time="6.441" errors="0" timestamp="2025-03-13T23:14:53 IST" skipped="0">
  <testcase classname="tutorialsNinja.register.TC_RF_001" name="VerifyRegisterWithMandatoryFields" time="6.441"/>
</testsuite> <!-- tutorialsNinja.register.TC_RF_001 -->
